Берём наименьшую амплитуду А1.
0.021000000000000001305
A1 = 0.10000000000000000555
Стартовая последовательность
0110-1-1-1111-1-1-1111-1-1-1111-1-1-10110-1-1-1111-1-1-1111-1-1-1111-1-1-10110-1-1-1111-1-1-1111-1-1-1111-1-1-10110-1-1-1111-1-1-1111-1-1-1111-1-1-10110-1-1-1111-1-1-1111-1-1-11
Поколение #1
Минимальная утечка у последовательности 0110-1-1-1111-1-1-1111-1-1-1111-1-1-10110-1-11111-1-1-1111-1-1-1111-1-1-10110-1-1-1111-1-1-1111-1-1-1111-1-1-10110-1-1-1111-1-1-1111-1-1-1111-1-1-10110-1-1-1111-1-1-1111-1-1-11
F = 0.012966030757042154575
Угол Th = 0.021000000000000001305
Поколение #2
Минимальная утечка у последовательности 0110-1-1-1111-1-1-1111-1-1-1111-1-1-10110-1-11111-1-1-1111-1-1-1111-1-1-10110-1-1-1111-1-1-1111-1-1-1111-1-1-10110-1-1-1111-1-1-1111-1-1-1111-1-1-10110-1-1-1111-1-1-1111-1-111
F = 0.0098434178971103809125
Угол Th = 0.021500000000000001749
Поколение #3
Минимальная утечка у последовательности 0110-1-1-1111-1-1-1111-1-1-1111-1-1-10110-1-1111-1-1-1-1111-1-1-1111-1-1-10110-1-1-1111-1-1-1111-1-1-1111-1-1-10110-1-1-1111-1-1-1111-1-1-1111-1-1-10110-1-1-1111-1-1-1111-1-111
F = 0.0069595022346322860454
Угол Th = 0.021500000000000001749
Поколение #4
Минимальная утечка у последовательности 0110-1-1-1111-1-1-1111-1-1-1111-1-1-10110-1-1111-1-1-1-1111-1-1-1111-1-1-10110-1-1-1111-1-1-1111-1-1-1111-1-1-10110-1-1-1111-1-1-1111-1-1-1111-1-1-10110-1-1-1111-1-1-111-1-1-111
F = 0.0050345864049387324679
Угол Th = 0.022000000000000002193
Поколение #5
Минимальная утечка у последовательности 0110-1-1-1-111-1-1-1111-1-1-1111-1-1-10110-1-1111-1-1-1-1111-1-1-1111-1-1-10110-1-1-1111-1-1-1111-1-1-1111-1-1-10110-1-1-1111-1-1-1111-1-1-1111-1-1-10110-1-1-1111-1-1-111-1-1-111
F = 0.0032930375541551722314
Угол Th = 0.022500000000000002637
Поколение #6
Минимальная утечка у последовательности 0110-1-1-1-111-1-1-1111-1-1-1111-1-1-10110-1-1111-1-1-1-1111-1-1-1111-1-1-10110-1-1-1111-1-1-1111-1-1-1111-1-1-10110-1-1-1111-1-1-1111-1-1-1111-1-1-10110-1-1-1111-1-1111-1-1-111
F = 0.0023442139193070800525
Угол Th = 0.022500000000000002637
Поколение #7
Минимальная утечка у последовательности 0110-1-1-1-111-1-1-1-111-1-1-1111-1-1-10110-1-1111-1-1-1-1111-1-1-1111-1-1-10110-1-1-1111-1-1-1111-1-1-1111-1-1-10110-1-1-1111-1-1-1111-1-1-1111-1-1-10110-1-1-1111-1-1111-1-1-111
F = 0.0013654103888754841756
Угол Th = 0.023000000000000003081
Поколение #8
Минимальная утечка у последовательности 0110-1-1-1-111-1-1-1-111-1-1-1111-1-1-10110-1-1111-1-1-1-1111-1-1-1111-1-1-10110-1-1-1111-1-1-1111-1-1-1111-1-1-10110-1-1-1111-1-1-1111-1-1-1111-1-1-10110-1-1-1110-1-1111-1-1-111
F = 0.0011294063799238023872
Угол Th = 0.023000000000000003081
Поколение #9
Минимальная утечка у последовательности 0111-1-1-1-111-1-1-1-111-1-1-1111-1-1-10110-1-1111-1-1-1-1111-1-1-1111-1-1-10110-1-1-1111-1-1-1111-1-1-1111-1-1-10110-1-1-1111-1-1-1111-1-1-1111-1-1-10110-1-1-1110-1-1111-1-1-111
F = 0.00080378720063387478281
Угол Th = 0.023000000000000003081
Поколение #10
Минимальная утечка у последовательности 0111-1-1-1-111-1-1-1-111-1-1-1111-1-1-10110-1-1111-1-1-1-1111-1-1-1111-1-1-10110-1-1-1111-1-1-1111-1-1-1111-1-1-10110-1-1-1111-1-1-1111-1-1-1111-1-1-10110-1-10110-1-1111-1-1-111
F = 0.00069395202073485736608
Угол Th = 0.023000000000000003081
Поколение #11
Минимальная утечка у последовательности 0111-1-1-1-111-1-1-1-111-1-1-1011-1-1-10110-1-1111-1-1-1-1111-1-1-1111-1-1-10110-1-1-1111-1-1-1111-1-1-1111-1-1-10110-1-1-1111-1-1-1111-1-1-1111-1-1-10110-1-10110-1-1111-1-1-111
F = 0.00043247388604014728964
Угол Th = 0.023000000000000003081
Поколение #12
Минимальная утечка у последовательности 0111-1-1-1-111-1-1-1-111-1-1-1011-1-1-10110-1-1111-1-1-1-1111-1-1-1111-1-1-10110-1-1-1111-1-1-1111-1-1-1111-1-1-10110-1-1-1111-1-1-1111-1-1-1111-1-1-10110-1-11110-1-1111-1-1-111
F = 0.00038605233268022755982
Угол Th = 0.023000000000000003081
Поколение #13
Минимальная утечка у последовательности 0111-1-1-1-111-1-1-1-1110-1-1011-1-1-10110-1-1111-1-1-1-1111-1-1-1111-1-1-10110-1-1-1111-1-1-1111-1-1-1111-1-1-10110-1-1-1111-1-1-1111-1-1-1111-1-1-10110-1-11110-1-1111-1-1-111
F = 0.00018967519190880716682
Угол Th = 0.023500000000000003525
Поколение #14
Минимальная утечка у последовательности 0111-1-1-1-111-1-1-1-1110-1-1011-1-1-10110-1-1111-1-1-1-1111-1-1-1111-1-1-10110-1-1-1111-1-1-1111-1-1-1111-1-1-10110-1-1-1111-1-1-1111-1-1-1111-1-1-11110-1-11110-1-1111-1-1-111
F = 0.00019565381853038353349
Угол Th = 0.023500000000000003525
Поиск занял 14 поколений
Самая лучшая последовательность
0111-1-1-1-111-1-1-1-1110-1-1011-1-1-10110-1-1111-1-1-1-1111-1-1-1111-1-1-10110-1-1-1111-1-1-1111-1-1-1111-1-1-10110-1-1-1111-1-1-1111-1-1-1111-1-1-10110-1-11110-1-1111-1-1-111
F = 0.00018967519190880716682
Угол Th = 0.023500000000000003525
Время вычисления алгоритма = 1 сек.
Берём наибольшую амплитуду A2.
A2 = 0.53000000000000002665
Стартовая последовательность
0110-1-10110-1-100110-1-10110-1-10110-1-10110-1-100110-1-10110-1-10110-1-10110-1-100110-1-10110-1-10110-1-10110-1-100110-1-10110-1-10110-1-10110-1-100110-1-10
Поколение #1
Минимальная утечка у последовательности 01101-10110-1-100110-1-10110-1-10110-1-10110-1-100110-1-10110-1-10110-1-10110-1-100110-1-10110-1-10110-1-10110-1-100110-1-10110-1-10110-1-10110-1-100110-1-10
F = 0.015960215924990455577
Угол Th = 0.025500000000000005301
Поколение #2
Минимальная утечка у последовательности 01101-10110-1-100110-1-10110-1-10110-1-10110-1-100110-1-10110-1-10110-1-10110-1-100110-1-10110-1-10110-1-10110-1-100110-1-10110-1-10110-1-10110-1-100110-110
F = 0.011555559882338984831
Угол Th = 0.026000000000000005745
Поколение #3
Минимальная утечка у последовательности 01101-10-110-1-100110-1-10110-1-10110-1-10110-1-100110-1-10110-1-10110-1-10110-1-100110-1-10110-1-10110-1-10110-1-100110-1-10110-1-10110-1-10110-1-100110-110
F = 0.0081910197257373286439
Угол Th = 0.026500000000000006189
Поколение #4
Минимальная утечка у последовательности 01101-10-110-1-100110-1-10110-1-10110-1-10110-1-100110-1-10110-1-10110-1-10110-1-100110-1-10110-1-10110-1-10110-1-100110-1-10110-1-10110-1-10110-1-1001-10-110
F = 0.005139804018278802504
Угол Th = 0.027000000000000006634
Поколение #5
Минимальная утечка у последовательности 01101-10-110-1-100-110-1-10110-1-10110-1-10110-1-100110-1-10110-1-10110-1-10110-1-100110-1-10110-1-10110-1-10110-1-100110-1-10110-1-10110-1-10110-1-1001-10-110
F = 0.0034805485399465705028
Угол Th = 0.028000000000000007522
Поколение #6
Минимальная утечка у последовательности 01101-10-110-1-100-110-1-10110-1-10110-1-10110-1-100110-1-10110-1-10110-1-10110-1-100110-1-10110-1-10110-1-10110-1-100110-1-10110-1-10110-110110-1-1001-10-110
F = 0.0025182981596346167008
Угол Th = 0.02900000000000000841
Поколение #7
Минимальная утечка у последовательности 01111-10-110-1-100-110-1-10110-1-10110-1-10110-1-100110-1-10110-1-10110-1-10110-1-100110-1-10110-1-10110-1-10110-1-100110-1-10110-1-10110-110110-1-1001-10-110
F = 0.0019829433599135586237
Угол Th = 0.02900000000000000841
Поколение #8
Минимальная утечка у последовательности 01111-10-110-1-100-110-1-10110-1-10110-1-10110-1-100110-1-10110-1-10110-1-10110-1-100110-1-10110-1-10110-1-10110-1-100110-1-10110-1-10110-110110-1-1001-1-1-110
F = 0.0014732321802033128758
Угол Th = 0.028500000000000007966
Поколение #9
Минимальная утечка у последовательности 01111-1-1-110-1-100-110-1-10110-1-10110-1-10110-1-100110-1-10110-1-10110-1-10110-1-100110-1-10110-1-10110-1-10110-1-100110-1-10110-1-10110-110110-1-1001-1-1-110
F = 0.0010822939634025127275
Угол Th = 0.028500000000000007966
Поколение #10
Минимальная утечка у последовательности 01111-1-1-110-1-100-110-1-10110-1-10110-1-10110-1-100110-1-10110-1-10110-1-10110-1-100110-1-10110-1-10110-1-10110-1-100110-1-10110-1-10110-110110-1-1011-1-1-110
F = 0.00078614781374735872872
Угол Th = 0.028500000000000007966
Поколение #11
Минимальная утечка у последовательности 01111-1-1-111-1-100-110-1-10110-1-10110-1-10110-1-100110-1-10110-1-10110-1-10110-1-100110-1-10110-1-10110-1-10110-1-100110-1-10110-1-10110-110110-1-1011-1-1-110
F = 0.00048195494211589667627
Угол Th = 0.028000000000000007522
Поколение #12
Минимальная утечка у последовательности 01111-1-1-111-1-100-110-1-10110-1-10110-1-10110-1-100110-1-10110-1-10110-1-10110-1-100110-1-10110-1-10110-1-10110-1-100110-1-10110-1-10110-110110-1-1011-1-1-111
F = 0.00033762947616174375813
Угол Th = 0.028000000000000007522
Поколение #13
Минимальная утечка у последовательности 01111-1-1-111-1-100-110-1-1-1110-1-10110-1-10110-1-100110-1-10110-1-10110-1-10110-1-100110-1-10110-1-10110-1-10110-1-100110-1-10110-1-10110-110110-1-1011-1-1-111
F = 0.00020285751469320328563
Угол Th = 0.028000000000000007522
Поколение #14
Минимальная утечка у последовательности 01111-1-1-111-1-100-110-1-1-1110-1-10110-1-10110-1-100110-1-10110-1-10110-1-10110-1-100110-1-10110-1-10110-1-10110-1-100110-1-10110-1-1011-1-110110-1-1011-1-1-111
F = 0.0001162062293061940331
Угол Th = 0.028500000000000007966
Поколение #15
Минимальная утечка у последовательности 01111-1-1-111-1-10-1-110-1-1-1110-1-10110-1-10110-1-100110-1-10110-1-10110-1-10110-1-100110-1-10110-1-10110-1-10110-1-100110-1-10110-1-1011-1-110110-1-1011-1-1-111
F = 5.591873469143753846e-05
Угол Th = 0.028500000000000007966
Поколение #16
Минимальная утечка у последовательности 01111-1-1-111-1-10-1-110-1-1-1110-1-10110-1-10110-1-100110-1-10110-1-10110-1-10110-1-100110-1-10110-1-10110-1-10110-1-100110-1-10110-1-1111-1-110110-1-1011-1-1-111
F = 4.9452584470845345249e-05
Угол Th = 0.028500000000000007966
Поколение #17
Минимальная утечка у последовательности 01111-1-1-111-1-10-1-110-1-1-1110-1-10110-1-10110-1-100110-1-10110-1-11110-1-10110-1-100110-1-10110-1-10110-1-10110-1-100110-1-10110-1-1111-1-110110-1-1011-1-1-111
F = 5.4938531763339994163e-05
Угол Th = 0.028500000000000007966
Поиск занял 17 поколений
Самая лучшая последовательность
01111-1-1-111-1-10-1-110-1-1-1110-1-10110-1-10110-1-100110-1-10110-1-10110-1-10110-1-100110-1-10110-1-10110-1-10110-1-100110-1-10110-1-1111-1-110110-1-1011-1-1-111
F = 4.9452584470845345249e-05
Угол Th = 0.028500000000000007966
Интерполируем амплитуду до нужной, А3.
Стартовая последовательность
0110-1-1-1111-1-1-1111-1-1-11110-1-10110-1-1-1111-1-1-1111-1-1-11110-1-10110-1-1-1111-1-1-1111-1-1-11110-1-10110-1-1-1111-1-1-1111-1-1-11110-1-10110-1-1-1111-1-1-1111-1-1-11
Поколение #1
Минимальная утечка у последовательности 01101-1-1111-1-1-1111-1-1-11110-1-10110-1-1-1111-1-1-1111-1-1-11110-1-10110-1-1-1111-1-1-1111-1-1-11110-1-10110-1-1-1111-1-1-1111-1-1-11110-1-10110-1-1-1111-1-1-1111-1-1-11
F = 0.013217618549527529806
Угол Th = 0.021500000000000001749
Поколение #2
Минимальная утечка у последовательности 01101-1-1111-1-1-1111-1-1-11110-1-10110-1-1-1111-1-1-1111-1-1-11110-1-10110-1-1-1111-1-1-1111-1-1-11110-1-10110-1-1-1111-1-1-1111-1-1-11110-1-10110-1-1-1111-1-1-1111-1-111
F = 0.0098990780194609818282
Угол Th = 0.022000000000000002193
Поколение #3
Минимальная утечка у последовательности 01101-1-1111-1-1-1111-1-1-11110-1-10110-1-11111-1-1-1111-1-1-11110-1-10110-1-1-1111-1-1-1111-1-1-11110-1-10110-1-1-1111-1-1-1111-1-1-11110-1-10110-1-1-1111-1-1-1111-1-111
F = 0.0069572981692467179837
Угол Th = 0.022000000000000002193
Поколение #4
Минимальная утечка у последовательности 01101-1-1-111-1-1-1111-1-1-11110-1-10110-1-11111-1-1-1111-1-1-11110-1-10110-1-1-1111-1-1-1111-1-1-11110-1-10110-1-1-1111-1-1-1111-1-1-11110-1-10110-1-1-1111-1-1-1111-1-111
F = 0.0049462775569713091431
Угол Th = 0.022500000000000002637
Поколение #5
Минимальная утечка у последовательности 01101-1-1-111-1-1-1111-1-1-11110-1-10110-1-11111-1-1-1111-1-1-11110-1-10110-1-1-1111-1-1-1111-1-1-11110-1-10110-1-1-1111-1-1-1111-1-1-11110-1-10110-1-1-1111-1-1-111-1-1-111
F = 0.003150262161724355723
Угол Th = 0.023000000000000003081
Поколение #6
Минимальная утечка у последовательности 01101-1-1-111-1-1-1111-1-1-11110-1-10110-1-11111-1-1-1111-1-1-11110-1-10110-1-1-1111-1-1-1111-1-1-11110-1-10110-1-1-1111-1-1-1111-1-1-11110-1-10110-1-1-1111-1-1111-1-1-111
F = 0.0022221727707069970428
Угол Th = 0.023000000000000003081
Поколение #7
Минимальная утечка у последовательности 01101-1-1-111-1-1-1-111-1-1-11110-1-10110-1-11111-1-1-1111-1-1-11110-1-10110-1-1-1111-1-1-1111-1-1-11110-1-10110-1-1-1111-1-1-1111-1-1-11110-1-10110-1-1-1111-1-1111-1-1-111
F = 0.0012212367636955914676
Угол Th = 0.023500000000000003525
Поколение #8
Минимальная утечка у последовательности 01101-1-1-111-1-1-1-111-1-1-11110-1-10110-1-11111-1-1-1111-1-1-11110-1-10110-1-1-1111-1-1-1111-1-1-11110-1-10110-1-1-1111-1-1-1111-1-1-11110-1-10110-1-1-1110-1-1111-1-1-111
F = 0.0009992583581473627255
Угол Th = 0.023500000000000003525
Поколение #9
Минимальная утечка у последовательности 01111-1-1-111-1-1-1-111-1-1-11110-1-10110-1-11111-1-1-1111-1-1-11110-1-10110-1-1-1111-1-1-1111-1-1-11110-1-10110-1-1-1111-1-1-1111-1-1-11110-1-10110-1-1-1110-1-1111-1-1-111
F = 0.00068430187520963654119
Угол Th = 0.023500000000000003525
Поколение #10
Минимальная утечка у последовательности 01111-1-1-111-1-1-1-111-1-1-11110-1-10110-1-11111-1-1-1111-1-1-11110-1-10110-1-1-1111-1-1-1111-1-1-11110-1-10110-1-1-1111-1-1-1111-1-1-11110-1-1011-1-1-1-1110-1-1111-1-1-111
F = 0.00058940507268075820711
Угол Th = 0.023500000000000003525
Поколение #11
Минимальная утечка у последовательности 01111-1-1-111-1-1-1-1110-1-11110-1-10110-1-11111-1-1-1111-1-1-11110-1-10110-1-1-1111-1-1-1111-1-1-11110-1-10110-1-1-1111-1-1-1111-1-1-11110-1-1011-1-1-1-1110-1-1111-1-1-111
F = 0.00036744082842299395988
Угол Th = 0.024000000000000003969
Поколение #12
Минимальная утечка у последовательности 01111-1-1-111-1-1-1-1110-1-11110-1-10110-1-11111-1-1-1111-1-1-11110-1-10110-1-1-1111-1-1-1111-1-1-11110-1-10110-1-1-1111-1-1-1111-1-1-11110-1-1011-1-1-10110-1-1111-1-1-111
F = 0.00032060587379154786326
Угол Th = 0.024000000000000003969
Поколение #13
Минимальная утечка у последовательности 01111-1-1-111-1-1-1-1111-1-11110-1-10110-1-11111-1-1-1111-1-1-11110-1-10110-1-1-1111-1-1-1111-1-1-11110-1-10110-1-1-1111-1-1-1111-1-1-11110-1-1011-1-1-10110-1-1111-1-1-111
F = 0.00012909360761769960954
Угол Th = 0.024000000000000003969
Поколение #14
Минимальная утечка у последовательности 01111-1-1-111-1-1-1-1111-1-11110-1-10110-1-11111-1-1-1111-1-1-11110-1-10110-1-1-1111-1-1-1111-1-1-11110-1-10110-1-1-1111-1-1-1111-1-1-11110-1-1111-1-1-10110-1-1111-1-1-111
F = 0.00014909921944152013432
Угол Th = 0.024000000000000003969
Поиск занял 14 поколений
Самая лучшая последовательность
01111-1-1-111-1-1-1-1111-1-11110-1-10110-1-11111-1-1-1111-1-1-11110-1-10110-1-1-1111-1-1-1111-1-1-11110-1-10110-1-1-1111-1-1-1111-1-1-11110-1-1011-1-1-10110-1-1111-1-1-111
F = 0.00012909360761769960954
Угол Th = 0.024000000000000003969
Для новой амлитуды А3 = 0.17999999999999999334; угол Th3 = 0.024000000000000003969
Желаемый угол Th0 = 0.0240000000000000005
Изменение длины последовательности ничего не даст
Желаемый угол Th0 = 0.0240000000000000005
Новый угол ThN = 0.024000000000000003969
Конечная последовательность
01111-1-1-111-1-1-1-1111-1-11110-1-10110-1-11111-1-1-1111-1-1-11110-1-10110-1-1-1111-1-1-1111-1-1-11110-1-10110-1-1-1111-1-1-1111-1-1-11110-1-1011-1-1-10110-1-1111-1-1-111
Утечка F = 0.00012909360761769960954
Время работы программы = 4 сек.