Берём наименьшую амплитуду А1.
0.021000000000000001305
A1 = 0.10000000000000000555
Стартовая последовательность
0111-1-1-1111-1-1-1111-1-1-11110-1-10111-1-1-1111-1-1-1111-1-1-11110-1-10111-1-1-1111-1-1-1111-1-1-11110-1-10111-1-1-1111-1-1-1111-1-1-11110-1-10111-1-1-1111-1-1-1111-1-1-11
Поколение #1
Минимальная утечка у последовательности 0111-1-1-1111-1-1-1111-1-1-11110-1-10111-1-11111-1-1-1111-1-1-11110-1-10111-1-1-1111-1-1-1111-1-1-11110-1-10111-1-1-1111-1-1-1111-1-1-11110-1-10111-1-1-1111-1-1-1111-1-1-11
F = 0.012024756081274711947
Угол Th = 0.021000000000000001305
Поколение #2
Минимальная утечка у последовательности 0111-1-1-1111-1-1-1111-1-1-11110-1-10111-1-11111-1-1-1111-1-1-11110-1-10111-1-1-1111-1-1-1111-1-1-11110-1-10111-1-1-1111-1-1-1111-1-1-11110-1-10111-1-1-1111-1-1-1111-1-111
F = 0.0090481984271051744961
Угол Th = 0.021500000000000001749
Поколение #3
Минимальная утечка у последовательности 01111-1-1111-1-1-1111-1-1-11110-1-10111-1-11111-1-1-1111-1-1-11110-1-10111-1-1-1111-1-1-1111-1-1-11110-1-10111-1-1-1111-1-1-1111-1-1-11110-1-10111-1-1-1111-1-1-1111-1-111
F = 0.0064619663210783015103
Угол Th = 0.022000000000000002193
Поколение #4
Минимальная утечка у последовательности 01111-1-1111-1-1-1111-1-1-11110-1-10111-1-11111-1-1-1111-1-1-11110-1-10111-1-1-1111-1-1-1111-1-1-11110-1-10111-1-1-1111-1-1-1111-1-1-11110-1-10111-1-1-1111-1-1-111-1-1-111
F = 0.0044306423945916139848
Угол Th = 0.022500000000000002637
Поколение #5
Минимальная утечка у последовательности 01111-1-1-111-1-1-1111-1-1-11110-1-10111-1-11111-1-1-1111-1-1-11110-1-10111-1-1-1111-1-1-1111-1-1-11110-1-10111-1-1-1111-1-1-1111-1-1-11110-1-10111-1-1-1111-1-1-111-1-1-111
F = 0.002897718131588525748
Угол Th = 0.023000000000000003081
Поколение #6
Минимальная утечка у последовательности 01111-1-1-111-1-1-1111-1-1-11110-1-10111-1-11111-1-1-1111-1-1-11110-1-10111-1-1-1111-1-1-1111-1-1-11110-1-10111-1-1-1111-1-1-1111-1-1-11110-1-10111-1-1-1111-1-1111-1-1-111
F = 0.0017864330171905081629
Угол Th = 0.023000000000000003081
Поколение #7
Минимальная утечка у последовательности 01111-1-1-1111-1-1111-1-1-11110-1-10111-1-11111-1-1-1111-1-1-11110-1-10111-1-1-1111-1-1-1111-1-1-11110-1-10111-1-1-1111-1-1-1111-1-1-11110-1-10111-1-1-1111-1-1111-1-1-111
F = 0.0012326867891690818438
Угол Th = 0.023500000000000003525
Поколение #8
Минимальная утечка у последовательности 01111-1-1-1111-1-1111-1-1-11110-1-10111-1-11111-1-1-1111-1-1-11110-1-10111-1-1-1111-1-1-1111-1-1-11110-1-10111-1-1-1111-1-1-1111-1-1-11110-1-1011-1-1-1-1111-1-1111-1-1-111
F = 0.00086960417893063284706
Угол Th = 0.023500000000000003525
Поколение #9
Минимальная утечка у последовательности 01111-1-1-1111-1-11111-1-11110-1-10111-1-11111-1-1-1111-1-1-11110-1-10111-1-1-1111-1-1-1111-1-1-11110-1-10111-1-1-1111-1-1-1111-1-1-11110-1-1011-1-1-1-1111-1-1111-1-1-111
F = 0.00045495440208909062848
Угол Th = 0.024000000000000003969
Поколение #10
Минимальная утечка у последовательности 01111-1-1-1111-1-11111-1-11110-1-10111-1-11111-1-1-1111-1-1-11110-1-10111-1-1-1111-1-1-1111-1-1-11110-1-10111-1-1-1111-1-1-1111-1-1-11110-1-1011-1-1-10111-1-1111-1-1-111
F = 0.00023311138940042722503
Угол Th = 0.024000000000000003969
Поколение #11
Минимальная утечка у последовательности 01111-1-1-1111-1-11111-1-10110-1-10111-1-11111-1-1-1111-1-1-11110-1-10111-1-1-1111-1-1-1111-1-1-11110-1-10111-1-1-1111-1-1-1111-1-1-11110-1-1011-1-1-10111-1-1111-1-1-111
F = 0.00021592013582562592637
Угол Th = 0.024000000000000003969
Поколение #12
Минимальная утечка у последовательности 01111-1-1-1111-1-11111-1-10110-1-10111-1-11111-1-1-1111-1-1-11110-1-10111-1-1-1111-1-1-1111-1-1-11110-1-10111-1-1-1111-1-1-1111-1-1-11110-1-1011-1-1-11111-1-1111-1-1-111
F = 6.0899176534479926585e-05
Угол Th = 0.024000000000000003969
Поколение #13
Минимальная утечка у последовательности 01111-1-1-1111-1-10111-1-10110-1-10111-1-11111-1-1-1111-1-1-11110-1-10111-1-1-1111-1-1-1111-1-1-11110-1-10111-1-1-1111-1-1-1111-1-1-11110-1-1011-1-1-11111-1-1111-1-1-111
F = 9.1527036209833532152e-05
Угол Th = 0.024500000000000004413
Поиск занял 13 поколений
Самая лучшая последовательность
01111-1-1-1111-1-11111-1-10110-1-10111-1-11111-1-1-1111-1-1-11110-1-10111-1-1-1111-1-1-1111-1-1-11110-1-10111-1-1-1111-1-1-1111-1-1-11110-1-1011-1-1-11111-1-1111-1-1-111
F = 6.0899176534479926585e-05
Угол Th = 0.024000000000000003969
Время вычисления алгоритма = 76 сек.
Берём наибольшую амплитуду A2.
A2 = 0.53000000000000035971
Стартовая последовательность
0110-1-10110-1-100110-1-10110-1-10110-1-10110-1-100110-1-10110-1-10110-1-10110-1-100110-1-10110-1-10110-1-10110-1-100110-1-10110-1-10110-1-10110-1-100110-1-10
Поколение #1
Минимальная утечка у последовательности 01101-10110-1-100110-1-10110-1-10110-1-10110-1-100110-1-10110-1-10110-1-10110-1-100110-1-10110-1-10110-1-10110-1-100110-1-10110-1-10110-1-10110-1-100110-1-10
F = 0.015960215924990455577
Угол Th = 0.025500000000000005301
Поколение #2
Минимальная утечка у последовательности 01101-10110-1-100110-1-10110-1-10110-1-10110-1-100110-1-10110-1-10110-1-10110-1-100110-1-10110-1-10110-1-10110-1-100110-1-10110-1-10110-1-10110-1-100110-110
F = 0.011555559882338984831
Угол Th = 0.026000000000000005745
Поколение #3
Минимальная утечка у последовательности 01101-10-110-1-100110-1-10110-1-10110-1-10110-1-100110-1-10110-1-10110-1-10110-1-100110-1-10110-1-10110-1-10110-1-100110-1-10110-1-10110-1-10110-1-100110-110
F = 0.0081910197257373286439
Угол Th = 0.026500000000000006189
Поколение #4
Минимальная утечка у последовательности 01101-10-110-1-100110-1-10110-1-10110-1-10110-1-100110-1-10110-1-10110-1-10110-1-100110-1-10110-1-10110-1-10110-1-100110-1-10110-1-10110-1-10110-1-1001-10-110
F = 0.005139804018278802504
Угол Th = 0.027000000000000006634
Поколение #5
Минимальная утечка у последовательности 01101-10-110-1-100110-1-10110-1-10110-110110-1-100110-1-10110-1-10110-1-10110-1-100110-1-10110-1-10110-1-10110-1-100110-1-10110-1-10110-1-10110-1-1001-10-110
F = 0.0029113035206265302363
Угол Th = 0.028000000000000007522
Поколение #6
Минимальная утечка у последовательности 01101-10-110-1-100110-1-10110-1-10110-110110-1-100110-1-10110-1-10110-1-10110-1-100110-1-10110-1-10110-1-10110-1-100110-1-10110-1-101-10-1-10110-1-1001-10-110
F = 0.002388871954129055588
Угол Th = 0.02900000000000000841
Поколение #7
Минимальная утечка у последовательности 01101-10-110-1-100110-1-10110-1-10110-110110-1-100110-1-10110-1-10110-1-10110-1-100110-1-10110-1-10110-1-10110-1-100110-1-10110-1-101-10-1-10110-1-1001-10-111
F = 0.0017983412175595781674
Угол Th = 0.028500000000000007966
Поколение #8
Минимальная утечка у последовательности 01101-10-1101-100110-1-10110-1-10110-110110-1-100110-1-10110-1-10110-1-10110-1-100110-1-10110-1-10110-1-10110-1-100110-1-10110-1-101-10-1-10110-1-1001-10-111
F = 0.0011564282431440269742
Угол Th = 0.029500000000000008854
Поколение #9
Минимальная утечка у последовательности 01101-10-1101-100110-1-10110-1-10110-110110-1-100110-1-10110-1-10110-1-10110-1-100110-1-10110-1-10110-1-10110-1-100110-1-10110-1-101-10-1-10110-1-1011-10-111
F = 0.00069637216232239197104
Угол Th = 0.02900000000000000841
Поколение #10
Минимальная утечка у последовательности 01101-10-1111-100110-1-10110-1-10110-110110-1-100110-1-10110-1-10110-1-10110-1-100110-1-10110-1-10110-1-10110-1-100110-1-10110-1-101-10-1-10110-1-1011-10-111
F = 0.00052452981173026224943
Угол Th = 0.02900000000000000841
Поколение #11
Минимальная утечка у последовательности 01101-10-1111-100110-1-10110-1-10110-110110-1-100110-1-10110-1-10110-1-10110-1-100110-1-10110-1-10110-1-10110-1-100110-1-10110-1-101-10-1-10110-1-1011-1-1-111
F = 0.00024029901668106136924
Угол Th = 0.028500000000000007966
Поколение #12
Минимальная утечка у последовательности 01101-1-1-1111-100110-1-10110-1-10110-110110-1-100110-1-10110-1-10110-1-10110-1-100110-1-10110-1-10110-1-10110-1-100110-1-10110-1-101-10-1-10110-1-1011-1-1-111
F = 0.00018941356154179929037
Угол Th = 0.028500000000000007966
Поколение #13
Минимальная утечка у последовательности 01101-1-1-1111-100110-1-10110-1-10110-110110-1-100110-1-10110-1-10110-1-10110-1-100110-1-10110-1-10110-1-10110-1-100110-1-10110-1-101-1-1-1-10110-1-1011-1-1-111
F = 3.956228643755824772e-05
Угол Th = 0.028500000000000007966
Поколение #14
Минимальная утечка у последовательности 01111-1-1-1111-100110-1-10110-1-10110-110110-1-100110-1-10110-1-10110-1-10110-1-100110-1-10110-1-10110-1-10110-1-100110-1-10110-1-101-1-1-1-10110-1-1011-1-1-111
F = 9.6939496885964016233e-05
Угол Th = 0.028500000000000007966
Поиск занял 14 поколений
Самая лучшая последовательность
01101-1-1-1111-100110-1-10110-1-10110-110110-1-100110-1-10110-1-10110-1-10110-1-100110-1-10110-1-10110-1-10110-1-100110-1-10110-1-101-1-1-1-10110-1-1011-1-1-111
F = 3.956228643755824772e-05
Угол Th = 0.028500000000000007966
Интерполируем амплитуду до нужной, А3.
Стартовая последовательность
0111-1-1-1111-1-1-1111-1-1-11110-1-10111-1-1-1111-1-1-1111-1-1-11110-1-10111-1-1-1111-1-1-1111-1-1-11110-1-10111-1-1-1111-1-1-1111-1-1-11110-1-10111-1-1-1111-1-1-1111-1-1-11
Поколение #1
Минимальная утечка у последовательности 0111-1-1-1111-1-1-1111-1-1-11110-1-10111-1-11111-1-1-1111-1-1-11110-1-10111-1-1-1111-1-1-1111-1-1-11110-1-10111-1-1-1111-1-1-1111-1-1-11110-1-10111-1-1-1111-1-1-1111-1-1-11
F = 0.012024756081274711947
Угол Th = 0.021000000000000001305
Поколение #2
Минимальная утечка у последовательности 0111-1-1-1111-1-1-1111-1-1-11110-1-10111-1-11111-1-1-1111-1-1-11110-1-10111-1-1-1111-1-1-1111-1-1-11110-1-10111-1-1-1111-1-1-1111-1-1-11110-1-10111-1-1-1111-1-1-1111-1-111
F = 0.0090481984271051744961
Угол Th = 0.021500000000000001749
Поколение #3
Минимальная утечка у последовательности 01111-1-1111-1-1-1111-1-1-11110-1-10111-1-11111-1-1-1111-1-1-11110-1-10111-1-1-1111-1-1-1111-1-1-11110-1-10111-1-1-1111-1-1-1111-1-1-11110-1-10111-1-1-1111-1-1-1111-1-111
F = 0.0064619663210783015103
Угол Th = 0.022000000000000002193
Поколение #4
Минимальная утечка у последовательности 01111-1-1111-1-1-1111-1-1-11110-1-10111-1-11111-1-1-1111-1-1-11110-1-10111-1-1-1111-1-1-1111-1-1-11110-1-10111-1-1-1111-1-1-1111-1-1-11110-1-10111-1-1-1111-1-1-111-1-1-111
F = 0.0044306423945916139848
Угол Th = 0.022500000000000002637
Поколение #5
Минимальная утечка у последовательности 01111-1-1-111-1-1-1111-1-1-11110-1-10111-1-11111-1-1-1111-1-1-11110-1-10111-1-1-1111-1-1-1111-1-1-11110-1-10111-1-1-1111-1-1-1111-1-1-11110-1-10111-1-1-1111-1-1-111-1-1-111
F = 0.002897718131588525748
Угол Th = 0.023000000000000003081
Поколение #6
Минимальная утечка у последовательности 01111-1-1-111-1-1-1111-1-1-11110-1-10111-1-11111-1-1-1111-1-1-11110-1-10111-1-1-1111-1-1-1111-1-1-11110-1-10111-1-1-1111-1-1-1111-1-1-11110-1-10111-1-1-1111-1-1111-1-1-111
F = 0.0017864330171905081629
Угол Th = 0.023000000000000003081
Поколение #7
Минимальная утечка у последовательности 01111-1-1-1111-1-1111-1-1-11110-1-10111-1-11111-1-1-1111-1-1-11110-1-10111-1-1-1111-1-1-1111-1-1-11110-1-10111-1-1-1111-1-1-1111-1-1-11110-1-10111-1-1-1111-1-1111-1-1-111
F = 0.0012326867891690818438
Угол Th = 0.023500000000000003525
Поколение #8
Минимальная утечка у последовательности 01111-1-1-1111-1-1111-1-1-11110-1-10111-1-11111-1-1-1111-1-1-11110-1-10111-1-1-1111-1-1-1111-1-1-11110-1-10111-1-1-1111-1-1-1111-1-1-11110-1-1011-1-1-1-1111-1-1111-1-1-111
F = 0.00086960417893063284706
Угол Th = 0.023500000000000003525
Поколение #9
Минимальная утечка у последовательности 01111-1-1-1111-1-11111-1-11110-1-10111-1-11111-1-1-1111-1-1-11110-1-10111-1-1-1111-1-1-1111-1-1-11110-1-10111-1-1-1111-1-1-1111-1-1-11110-1-1011-1-1-1-1111-1-1111-1-1-111
F = 0.00045495440208909062848
Угол Th = 0.024000000000000003969
Поколение #10
Минимальная утечка у последовательности 01111-1-1-1111-1-11111-1-11110-1-10111-1-11111-1-1-1111-1-1-11110-1-10111-1-1-1111-1-1-1111-1-1-11110-1-10111-1-1-1111-1-1-1111-1-1-11110-1-1011-1-1-10111-1-1111-1-1-111
F = 0.00023311138940042722503
Угол Th = 0.024000000000000003969
Поколение #11
Минимальная утечка у последовательности 01111-1-1-1111-1-11111-1-10110-1-10111-1-11111-1-1-1111-1-1-11110-1-10111-1-1-1111-1-1-1111-1-1-11110-1-10111-1-1-1111-1-1-1111-1-1-11110-1-1011-1-1-10111-1-1111-1-1-111
F = 0.00021592013582562592637
Угол Th = 0.024000000000000003969
Поколение #12
Минимальная утечка у последовательности 01111-1-1-1111-1-11111-1-10110-1-10111-1-11111-1-1-1111-1-1-11110-1-10111-1-1-1111-1-1-1111-1-1-11110-1-10111-1-1-1111-1-1-1111-1-1-11110-1-1011-1-1-11111-1-1111-1-1-111
F = 6.0899176534479926585e-05
Угол Th = 0.024000000000000003969
Поколение #13
Минимальная утечка у последовательности 01111-1-1-1111-1-10111-1-10110-1-10111-1-11111-1-1-1111-1-1-11110-1-10111-1-1-1111-1-1-1111-1-1-11110-1-10111-1-1-1111-1-1-1111-1-1-11110-1-1011-1-1-11111-1-1111-1-1-111
F = 9.1527036209833532152e-05
Угол Th = 0.024500000000000004413
Поиск занял 13 поколений
Самая лучшая последовательность
01111-1-1-1111-1-11111-1-10110-1-10111-1-11111-1-1-1111-1-1-11110-1-10111-1-1-1111-1-1-1111-1-1-11110-1-10111-1-1-1111-1-1-1111-1-1-11110-1-1011-1-1-11111-1-1111-1-1-111
F = 6.0899176534479926585e-05
Угол Th = 0.024000000000000003969
Для новой амлитуды А3 = 0.10000000000000000555; угол Th3 = 0.024000000000000003969
Желаемый угол Th0 = 0.0240000000000000005
Изменение длины последовательности ничего не даст
Желаемый угол Th0 = 0.0240000000000000005
Новый угол ThN = 0.024000000000000003969
Конечная последовательность
01111-1-1-1111-1-11111-1-10110-1-10111-1-11111-1-1-1111-1-1-11110-1-10111-1-1-1111-1-1-1111-1-1-11110-1-10111-1-1-1111-1-1-1111-1-1-11110-1-1011-1-1-11111-1-1111-1-1-111
Утечка F = 6.0899176534479926585e-05
Время работы программы = 270 сек.